<?xml version="1.0" encoding="UTF-8"?>
<!-- Generated by org.testng.reporters.JUnitReportReporter -->
<testsuite hostname="Md-Ebrahim" failures="0" tests="1" name="com.ebrahim.hossain.tests.LoginTest" time="20.765" errors="0" timestamp="2024-06-29T12:18:46 EDT" skipped="0">
  <testcase classname="com.ebrahim.hossain.tests.LoginTest" name="loginIntoShop" time="20.765"/>
</testsuite> <!-- com.ebrahim.hossain.tests.LoginTest -->
