<?xml version="1.0" encoding="UTF-8"?>
<!-- Generated by org.testng.reporters.JUnitReportReporter -->
<testsuite hostname="Md-Ebrahim" failures="0" tests="1" name="com.ebrahim.hossain.tests.LoginTest" time="16.996" errors="0" timestamp="2024-06-23T12:33:40 EDT" skipped="0">
  <testcase classname="com.ebrahim.hossain.tests.LoginTest" name="loginIntoShop" time="16.996"/>
</testsuite> <!-- com.ebrahim.hossain.tests.LoginTest -->
