<?xml version="1.0" encoding="UTF-8"?>
<!-- Generated by org.testng.reporters.JUnitReportReporter -->
<testsuite hostname="Md-Ebrahim" failures="0" tests="1" name="com.ebrahim.hossain.tests.CreateUserTest" time="0.293" errors="0" timestamp="2024-06-23T12:33:40 EDT" skipped="0">
  <testcase classname="com.ebrahim.hossain.tests.CreateUserTest" name="createNewUser" time="0.293"/>
</testsuite> <!-- com.ebrahim.hossain.tests.CreateUserTest -->
